<?xml version="1.0" encoding="UTF-8"?>
<robot generator="Robot 7.2.2 (Python 3.12.3 on linux)" generated="2025-04-19T13:29:19.000113" rpa="false" schemaversion="5">
<suite id="s1" name="Test Login" source="/home/stefanocast/test_automation_practice/test-restful-booker-demo/RobotFramework/test_login.robot">
<test id="s1-t1" name="Test Login 1" line="19">
<kw name="Navigate to Home Page" type="SETUP">
<kw name="Open Browser" owner="SeleniumLibrary">
<msg time="2025-04-19T13:29:19.156996" level="INFO">Opening browser 'headlesschrome' to base url 'https://automationintesting.online/'.</msg>
<arg>url=https://automationintesting.online/</arg>
<arg>browser=headlesschrome</arg>
<arg>options=add_argument("--start-maximized")</arg>
<doc>Opens a new browser instance to the optional ``url``.</doc>
<status status="PASS" start="2025-04-19T13:29:19.156782" elapsed="0.747781"/>
</kw>
<doc>Keyword to open the chrome browser</doc>
<status status="PASS" start="2025-04-19T13:29:19.156192" elapsed="0.748636"/>
</kw>
<kw name="Wait For Expected Condition" owner="SeleniumLibrary">
<arg>Title Is</arg>
<arg>${TITLE}</arg>
<doc>Waits until ``condition`` is true or ``timeout`` expires.</doc>
<status status="PASS" start="2025-04-19T13:29:19.905107" elapsed="0.014065"/>
</kw>
<kw name="Wait Until Element Contains" owner="SeleniumLibrary">
<arg>xpath://*[@id='root-container']/div/nav</arg>
<arg>Shady Meadows B&amp;B</arg>
<doc>Waits until the element ``locator`` contains ``text``.</doc>
<status status="PASS" start="2025-04-19T13:29:19.919492" elapsed="0.285421"/>
</kw>
<kw name="Click Link" owner="SeleniumLibrary">
<msg time="2025-04-19T13:29:20.205336" level="INFO">Clicking link 'xpath://*[@id="navbarNav"]/ul/li[6]/a'.</msg>
<arg>xpath://*[@id="navbarNav"]/ul/li[6]/a</arg>
<doc>Clicks a link identified by ``locator``.</doc>
<status status="PASS" start="2025-04-19T13:29:20.205147" elapsed="0.172392"/>
</kw>
<kw name="Wait Until Page Contains" owner="SeleniumLibrary">
<arg>Login</arg>
<doc>Waits until ``text`` appears on the current page.</doc>
<status status="PASS" start="2025-04-19T13:29:20.377817" elapsed="0.020450"/>
</kw>
<kw name="Press Key" owner="SeleniumLibrary">
<arg>${USERNAME_LOCATOR}</arg>
<arg>${USERNAME_VALUE}</arg>
<doc>Simulates user pressing key on element identified by ``locator``.</doc>
<status status="PASS" start="2025-04-19T13:29:20.398753" elapsed="0.113099"/>
</kw>
<kw name="Element Attribute Value Should Be" owner="SeleniumLibrary">
<msg time="2025-04-19T13:29:20.538061" level="INFO">Element 'id:username' attribute 'value' contains value 'Stefano'.</msg>
<arg>${USERNAME_LOCATOR}</arg>
<arg>value</arg>
<arg>${USERNAME_VALUE}</arg>
<doc>Verifies element identified by ``locator`` contains expected attribute value.</doc>
<status status="PASS" start="2025-04-19T13:29:20.512091" elapsed="0.026083"/>
</kw>
<kw name="Press Key" owner="SeleniumLibrary">
<arg>${PASSWORD_LOCATOR}</arg>
<arg>${PASSWORD_VALUE}</arg>
<doc>Simulates user pressing key on element identified by ``locator``.</doc>
<status status="PASS" start="2025-04-19T13:29:20.538433" elapsed="0.072339"/>
</kw>
<kw name="Element Attribute Value Should Be" owner="SeleniumLibrary">
<msg time="2025-04-19T13:29:20.628567" level="INFO">Element 'id:password' attribute 'value' contains value 'Akjsfksjg'.</msg>
<arg>${PASSWORD_LOCATOR}</arg>
<arg>value</arg>
<arg>${PASSWORD_VALUE}</arg>
<doc>Verifies element identified by ``locator`` contains expected attribute value.</doc>
<status status="PASS" start="2025-04-19T13:29:20.611008" elapsed="0.017706"/>
</kw>
<kw name="Click Button" owner="SeleniumLibrary">
<msg time="2025-04-19T13:29:20.629227" level="INFO">Clicking button 'id:doLogin'.</msg>
<arg>id:doLogin</arg>
<doc>Clicks the button identified by ``locator``.</doc>
<status status="PASS" start="2025-04-19T13:29:20.629059" elapsed="0.091129"/>
</kw>
<kw name="Wait Until Element Contains" owner="SeleniumLibrary">
<arg>tag:div</arg>
<arg>Invalid credentials</arg>
<doc>Waits until the element ``locator`` contains ``text``.</doc>
<status status="PASS" start="2025-04-19T13:29:20.720479" elapsed="0.252696"/>
</kw>
<kw name="Close Browser" owner="SeleniumLibrary" type="TEARDOWN">
<doc>Closes the current browser.</doc>
<status status="PASS" start="2025-04-19T13:29:20.973496" elapsed="0.078198"/>
</kw>
<doc>Test Case to check the login functionality</doc>
<status status="PASS" start="2025-04-19T13:29:19.155545" elapsed="1.896332"/>
</test>
<doc>Test Suite for testing the home page</doc>
<status status="PASS" start="2025-04-19T13:29:19.000846" elapsed="2.051586"/>
</suite>
<statistics>
<total>
<stat pass="1" fail="0" skip="0">All Tests</stat>
</total>
<tag>
</tag>
<suite>
<stat name="Test Login" id="s1" pass="1" fail="0" skip="0">Test Login</stat>
</suite>
</statistics>
<errors>
</errors>
</robot>
