<?xml version="1.0" encoding="UTF-8"?>
<robot generator="Robot 7.2.2 (Python 3.12.3 on linux)" generated="2025-04-18T16:44:32.657722" rpa="false" schemaversion="5">
<suite id="s1" name="RobotFramework" source="/home/stefanocast/test_automation_practice/test-restful-booker-demo/RobotFramework">
<suite id="s1-s1" name="HomePage" source="/home/stefanocast/test_automation_practice/test-restful-booker-demo/RobotFramework/HomePage">
<suite id="s1-s1-s1" name="Test Home Page" source="/home/stefanocast/test_automation_practice/test-restful-booker-demo/RobotFramework/HomePage/test_home_page.robot">
<test id="s1-s1-s1-t1" name="Test Title" line="11">
<kw name="Navigate to Home Page" type="SETUP">
<kw name="Open Browser" owner="SeleniumLibrary">
<msg time="2025-04-18T16:44:32.908800" level="INFO">Opening browser 'headlesschrome' to base url 'https://automationintesting.online/'.</msg>
<arg>url=https://automationintesting.online/</arg>
<arg>browser=headlesschrome</arg>
<doc>Opens a new browser instance to the optional ``url``.</doc>
<status status="PASS" start="2025-04-18T16:44:32.908611" elapsed="1.877898"/>
</kw>
<doc>Keyword to open the chrome browser</doc>
<status status="PASS" start="2025-04-18T16:44:32.908072" elapsed="1.878821"/>
</kw>
<kw name="Title Should Be" owner="SeleniumLibrary">
<msg time="2025-04-18T16:44:34.808455" level="INFO">Page title is 'Restful-booker-platform demo'.</msg>
<arg>Restful-booker-platform demo</arg>
<doc>Verifies that the current page title equals ``title``.</doc>
<status status="PASS" start="2025-04-18T16:44:34.787369" elapsed="0.021263"/>
</kw>
<kw name="Close Browser" owner="SeleniumLibrary" type="TEARDOWN">
<doc>Closes the current browser.</doc>
<status status="PASS" start="2025-04-18T16:44:34.809153" elapsed="0.089018"/>
</kw>
<doc>Test Case to check the title of the home page</doc>
<status status="PASS" start="2025-04-18T16:44:32.907448" elapsed="1.990895"/>
</test>
<doc>Test Suite for testing the home page</doc>
<status status="PASS" start="2025-04-18T16:44:32.686283" elapsed="2.213066"/>
</suite>
<status status="PASS" start="2025-04-18T16:44:32.685593" elapsed="2.214699"/>
</suite>
<status status="PASS" start="2025-04-18T16:44:32.658508" elapsed="2.242279"/>
</suite>
<statistics>
<total>
<stat pass="1" fail="0" skip="0">All Tests</stat>
</total>
<tag>
</tag>
<suite>
<stat name="RobotFramework" id="s1" pass="1" fail="0" skip="0">RobotFramework</stat>
<stat name="HomePage" id="s1-s1" pass="1" fail="0" skip="0">RobotFramework.HomePage</stat>
<stat name="Test Home Page" id="s1-s1-s1" pass="1" fail="0" skip="0">RobotFramework.HomePage.Test Home Page</stat>
</suite>
</statistics>
<errors>
</errors>
</robot>
