<?xml version="1.0" encoding="UTF-8"?>
<robot generator="Robot 7.2.2 (Python 3.12.3 on linux)" generated="2025-04-18T16:27:37.501545" rpa="false" schemaversion="5">
<suite id="s1" name="Test Home Page" source="/home/stefanocast/test_automation_practice/test-restful-booker-demo/RobotFramework/HomePage/test_home_page.robot">
<test id="s1-t1" name="Test Title" line="9">
<kw name="Navigate to Home Page" type="SETUP">
<kw name="Open Browser" owner="SeleniumLibrary">
<msg time="2025-04-18T16:27:37.669728" level="INFO">Opening browser 'chrome' to base url 'https://automationintesting.online/'.</msg>
<arg>url=https://automationintesting.online/</arg>
<arg>browser=chrome</arg>
<doc>Opens a new browser instance to the optional ``url``.</doc>
<status status="PASS" start="2025-04-18T16:27:37.669525" elapsed="4.348194"/>
</kw>
<doc>Keyword to open the chrome browser</doc>
<status status="PASS" start="2025-04-18T16:27:37.668222" elapsed="4.349885"/>
</kw>
<kw name="Title Should Be" owner="SeleniumLibrary">
<msg time="2025-04-18T16:27:42.041022" level="INFO">Page title is 'Restful-booker-platform demo'.</msg>
<arg>Restful-booker-platform demo</arg>
<doc>Verifies that the current page title equals ``title``.</doc>
<status status="PASS" start="2025-04-18T16:27:42.018504" elapsed="0.022690"/>
</kw>
<kw name="Close Browser" owner="SeleniumLibrary" type="TEARDOWN">
<doc>Closes the current browser.</doc>
<status status="PASS" start="2025-04-18T16:27:42.042354" elapsed="0.144990"/>
</kw>
<doc>Test Case to check the title of the home page</doc>
<status status="PASS" start="2025-04-18T16:27:37.667593" elapsed="4.519994"/>
</test>
<doc>Test Suite for testing the home page</doc>
<status status="PASS" start="2025-04-18T16:27:37.502514" elapsed="4.686431"/>
</suite>
<statistics>
<total>
<stat pass="1" fail="0" skip="0">All Tests</stat>
</total>
<tag>
</tag>
<suite>
<stat name="Test Home Page" id="s1" pass="1" fail="0" skip="0">Test Home Page</stat>
</suite>
</statistics>
<errors>
</errors>
</robot>
